2025-09-24 19:37:50,052 DEBUG    root            Running [gcloud] with arguments: [-v: "None"]
2025-09-24 19:37:50,053 DEBUG    root            Loaded Command Group: ['gcloud', 'version']
2025-09-24 19:37:50,053 DEBUG    root            Running [gcloud.version] with arguments: []
2025-09-24 19:37:54,289 DEBUG    root            Chosen display Format:flattened[no-pad,separator=" "]
2025-09-24 19:37:54,289 INFO     root            Display format: "flattened[no-pad,separator=" "]"
2025-09-24 19:37:54,303 INFO     ___FILE_ONLY___ Google Cloud SDK
2025-09-24 19:37:54,304 INFO     ___FILE_ONLY___  
2025-09-24 19:37:54,304 INFO     ___FILE_ONLY___ 528.0.0

2025-09-24 19:37:54,304 INFO     ___FILE_ONLY___ beta
2025-09-24 19:37:54,304 INFO     ___FILE_ONLY___  
2025-09-24 19:37:54,304 INFO     ___FILE_ONLY___ 2025.06.20

2025-09-24 19:37:54,304 INFO     ___FILE_ONLY___ bq
2025-09-24 19:37:54,304 INFO     ___FILE_ONLY___  
2025-09-24 19:37:54,304 INFO     ___FILE_ONLY___ 2.1.18

2025-09-24 19:37:54,304 INFO     ___FILE_ONLY___ core
2025-09-24 19:37:54,304 INFO     ___FILE_ONLY___  
2025-09-24 19:37:54,304 INFO     ___FILE_ONLY___ 2025.06.20

2025-09-24 19:37:54,304 INFO     ___FILE_ONLY___ gcloud-crc32c
2025-09-24 19:37:54,304 INFO     ___FILE_ONLY___  
2025-09-24 19:37:54,304 INFO     ___FILE_ONLY___ 1.0.0

2025-09-24 19:37:54,304 INFO     ___FILE_ONLY___ gke-gcloud-auth-plugin
2025-09-24 19:37:54,304 INFO     ___FILE_ONLY___  
2025-09-24 19:37:54,304 INFO     ___FILE_ONLY___ 0.5.10

2025-09-24 19:37:54,304 INFO     ___FILE_ONLY___ gsutil
2025-09-24 19:37:54,304 INFO     ___FILE_ONLY___  
2025-09-24 19:37:54,304 INFO     ___FILE_ONLY___ 5.34

2025-09-24 19:37:54,306 INFO     ___FILE_ONLY___ 

To take a quick anonymous survey, run:
  $ gcloud survey


2025-09-24 19:37:54,314 DEBUG    root            Metrics reporting process started...
