2025-09-24 19:39:17,874 DEBUG    root            Loaded Command Group: ['gcloud', 'projects']
2025-09-24 19:39:17,878 DEBUG    root            Loaded Command Group: ['gcloud', 'projects', 'describe']
2025-09-24 19:39:17,879 DEBUG    root            Running [gcloud.projects.describe] with arguments: [--format: "table(name,projectId,projectNumber)", PROJECT_ID_OR_NUMBER: "mouthu"]
2025-09-24 19:39:17,893 DEBUG    urllib3.connectionpool Starting new HTTPS connection (1): cloudresourcemanager.googleapis.com:443
2025-09-24 19:39:18,196 DEBUG    urllib3.connectionpool https://cloudresourcemanager.googleapis.com:443 "GET /v1/projects/mouthu?alt=json HTTP/11" 200 None
2025-09-24 19:39:18,198 DEBUG    root            Chosen display Format:default table(name,projectId,projectNumber)
2025-09-24 19:39:18,199 INFO     root            Display format: "default table(name,projectId,projectNumber)"
2025-09-24 19:39:18,212 INFO     ___FILE_ONLY___ NAME
2025-09-24 19:39:18,212 INFO     ___FILE_ONLY___       
2025-09-24 19:39:18,212 INFO     ___FILE_ONLY___ PROJECT_ID
2025-09-24 19:39:18,212 INFO     ___FILE_ONLY___   
2025-09-24 19:39:18,212 INFO     ___FILE_ONLY___ PROJECT_NUMBER
2025-09-24 19:39:18,212 INFO     ___FILE_ONLY___ 

2025-09-24 19:39:18,212 INFO     ___FILE_ONLY___ TransGPT
2025-09-24 19:39:18,212 INFO     ___FILE_ONLY___   
2025-09-24 19:39:18,212 INFO     ___FILE_ONLY___ mouthu
2025-09-24 19:39:18,212 INFO     ___FILE_ONLY___       
2025-09-24 19:39:18,212 INFO     ___FILE_ONLY___ 620489856057
2025-09-24 19:39:18,212 INFO     ___FILE_ONLY___ 

2025-09-24 19:39:18,219 DEBUG    root            Metrics reporting process started...
