2025-09-24 19:37:59,212 DEBUG    root            Loaded Command Group: ['gcloud', 'auth']
2025-09-24 19:37:59,213 DEBUG    root            Loaded Command Group: ['gcloud', 'auth', 'list']
2025-09-24 19:37:59,214 DEBUG    root            Running [gcloud.auth.list] with arguments: []
2025-09-24 19:37:59,217 DEBUG    root            Chosen display Format:    table[title='Credentialed Accounts'](
        status.yesno(yes='*', no=''):label=ACTIVE,
        account
    )
2025-09-24 19:37:59,217 INFO     root            Display format: "    table[title='Credentialed Accounts'](
        status.yesno(yes='*', no=''):label=ACTIVE,
        account
    )"
2025-09-24 19:37:59,221 INFO     ___FILE_ONLY___       Credentialed Accounts
2025-09-24 19:37:59,221 INFO     ___FILE_ONLY___ 

2025-09-24 19:37:59,221 INFO     ___FILE_ONLY___ ACTIVE
2025-09-24 19:37:59,221 INFO     ___FILE_ONLY___   
2025-09-24 19:37:59,221 INFO     ___FILE_ONLY___ ACCOUNT
2025-09-24 19:37:59,222 INFO     ___FILE_ONLY___ 

2025-09-24 19:37:59,222 INFO     ___FILE_ONLY___ *
2025-09-24 19:37:59,222 INFO     ___FILE_ONLY___        
2025-09-24 19:37:59,222 INFO     ___FILE_ONLY___ bhostd.developer@gmail.com
2025-09-24 19:37:59,222 INFO     ___FILE_ONLY___ 

2025-09-24 19:37:59,222 INFO     ___FILE_ONLY___         
2025-09-24 19:37:59,222 INFO     ___FILE_ONLY___ lightsonsam@gmail.com
2025-09-24 19:37:59,222 INFO     ___FILE_ONLY___ 

2025-09-24 19:37:59,222 INFO     ___FILE_ONLY___         
2025-09-24 19:37:59,222 INFO     ___FILE_ONLY___ mouthu.developer@gmail.com
2025-09-24 19:37:59,222 INFO     ___FILE_ONLY___ 

2025-09-24 19:37:59,222 INFO     ___FILE_ONLY___         
2025-09-24 19:37:59,222 INFO     ___FILE_ONLY___ mouthu2@gmail.com
2025-09-24 19:37:59,222 INFO     ___FILE_ONLY___ 

2025-09-24 19:37:59,222 INFO     ___FILE_ONLY___ 
To set the active account, run:
    $ gcloud config set account `ACCOUNT`


2025-09-24 19:37:59,222 DEBUG    root            Checking for updates...
2025-09-24 19:37:59,250 DEBUG    urllib3.connectionpool Starting new HTTPS connection (1): dl.google.com:443
2025-09-24 19:37:59,567 DEBUG    urllib3.connectionpool https://dl.google.com:443 "GET /dl/cloudsdk/channels/rapid/components-2.json HTTP/11" 200 233149
2025-09-24 19:37:59,681 DEBUG    root            Updating notification cache...
2025-09-24 19:37:59,681 DEBUG    root            Activating notification: [default]
2025-09-24 19:37:59,682 INFO     ___FILE_ONLY___ 

Updates are available for some Google Cloud CLI components.  To install them,
please run:
  $ gcloud components update


2025-09-24 19:37:59,690 DEBUG    root            Metrics reporting process started...
