2025-09-24 19:38:05,201 DEBUG    root            Loaded Command Group: ['gcloud', 'projects']
2025-09-24 19:38:05,206 DEBUG    root            Loaded Command Group: ['gcloud', 'projects', 'list']
2025-09-24 19:38:05,207 DEBUG    root            Running [gcloud.projects.list] with arguments: []
2025-09-24 19:38:05,207 INFO     root            client_filter="None" server_filter="None"
2025-09-24 19:38:05,216 DEBUG    google.auth.transport.requests Making request: POST https://oauth2.googleapis.com/token
2025-09-24 19:38:05,242 DEBUG    urllib3.connectionpool Starting new HTTPS connection (1): oauth2.googleapis.com:443
2025-09-24 19:38:05,430 DEBUG    urllib3.connectionpool https://oauth2.googleapis.com:443 "POST /token HTTP/11" 200 None
2025-09-24 19:38:05,445 DEBUG    root            Chosen display Format:
    table(
      projectId:sort=1,
      name,
      projectNumber
    )

2025-09-24 19:38:05,446 INFO     root            Display format: "
    table(
      projectId:sort=1,
      name,
      projectNumber
    )
"
2025-09-24 19:38:05,486 DEBUG    urllib3.connectionpool Starting new HTTPS connection (1): cloudresourcemanager.googleapis.com:443
2025-09-24 19:38:05,736 DEBUG    urllib3.connectionpool https://cloudresourcemanager.googleapis.com:443 "GET /v1/projects?alt=json&filter=lifecycleState%3AACTIVE&pageSize=500 HTTP/11" 200 None
2025-09-24 19:38:05,752 INFO     ___FILE_ONLY___ PROJECT_ID
2025-09-24 19:38:05,752 INFO     ___FILE_ONLY___                 
2025-09-24 19:38:05,752 INFO     ___FILE_ONLY___ NAME
2025-09-24 19:38:05,752 INFO     ___FILE_ONLY___     
2025-09-24 19:38:05,752 INFO     ___FILE_ONLY___ PROJECT_NUMBER
2025-09-24 19:38:05,752 INFO     ___FILE_ONLY___ 

2025-09-24 19:38:05,752 INFO     ___FILE_ONLY___ beakme-platform-20250602
2025-09-24 19:38:05,752 INFO     ___FILE_ONLY___   
2025-09-24 19:38:05,752 INFO     ___FILE_ONLY___ Beakme
2025-09-24 19:38:05,752 INFO     ___FILE_ONLY___   
2025-09-24 19:38:05,752 INFO     ___FILE_ONLY___ 464398060575
2025-09-24 19:38:05,752 INFO     ___FILE_ONLY___ 

2025-09-24 19:38:05,752 INFO     ___FILE_ONLY___ bhostd
2025-09-24 19:38:05,752 INFO     ___FILE_ONLY___                     
2025-09-24 19:38:05,752 INFO     ___FILE_ONLY___ Bhostd
2025-09-24 19:38:05,753 INFO     ___FILE_ONLY___   
2025-09-24 19:38:05,753 INFO     ___FILE_ONLY___ 858521750513
2025-09-24 19:38:05,753 INFO     ___FILE_ONLY___ 

2025-09-24 19:38:05,753 INFO     ___FILE_ONLY___ fanbie-platform-20250602
2025-09-24 19:38:05,753 INFO     ___FILE_ONLY___   
2025-09-24 19:38:05,753 INFO     ___FILE_ONLY___ Fanbie
2025-09-24 19:38:05,753 INFO     ___FILE_ONLY___   
2025-09-24 19:38:05,753 INFO     ___FILE_ONLY___ 322840563301
2025-09-24 19:38:05,753 INFO     ___FILE_ONLY___ 

2025-09-24 19:38:05,753 INFO     ___FILE_ONLY___ mouthu
2025-09-24 19:38:05,753 INFO     ___FILE_ONLY___                     
2025-09-24 19:38:05,753 INFO     ___FILE_ONLY___ Mouthu
2025-09-24 19:38:05,753 INFO     ___FILE_ONLY___   
2025-09-24 19:38:05,753 INFO     ___FILE_ONLY___ 620489856057
2025-09-24 19:38:05,753 INFO     ___FILE_ONLY___ 

2025-09-24 19:38:05,760 DEBUG    root            Metrics reporting process started...
