2025-09-24 22:13:24,608 DEBUG    root            Loaded Command Group: ['gcloud', 'auth']
2025-09-24 22:13:24,609 DEBUG    root            Loaded Command Group: ['gcloud', 'auth', 'application_default']
2025-09-24 22:13:24,618 DEBUG    root            Loaded Command Group: ['gcloud', 'auth', 'application-default', 'login']
2025-09-24 22:13:24,619 DEBUG    root            Running [gcloud.auth.application-default.login] with arguments: []
2025-09-24 22:13:24,650 DEBUG    requests_oauthlib.oauth2_session Generated new state jdUgqyblUL2gDuhnNTVG6eH7vxMTTq.
2025-09-24 22:13:24,786 INFO     ___FILE_ONLY___ Your browser has been opened to visit:

    https://accounts.google.com/o/oauth2/auth?response_type=code&client_id=764086051850-6qr4p6gpi6hn506pt8ejuq83di341hur.apps.googleusercontent.com&redirect_uri=http%3A%2F%2Flocalhost%3A8085%2F&scope=openid+https%3A%2F%2Fwww.googleapis.com%2Fauth%2Fuserinfo.email+https%3A%2F%2Fwww.googleapis.com%2Fauth%2Fcloud-platform+https%3A%2F%2Fwww.googleapis.com%2Fauth%2Fsqlservice.login&state=jdUgqyblUL2gDuhnNTVG6eH7vxMTTq&access_type=offline&code_challenge=YCi24DBRAH03M9VMVMvgA_MaKMOsdIpAOG4kAig1O14&code_challenge_method=S256


2025-09-24 22:13:54,344 INFO     google_auth_oauthlib.flow "GET /?state=jdUgqyblUL2gDuhnNTVG6eH7vxMTTq&code=4/0AVGzR1BCLCEuwaYcJJnOep8E2P2dAOWpi_9Cb_chwTridNZxQ03xy4pSyc4dPIOagiOY3A&scope=email%20https://www.googleapis.com/auth/cloud-platform%20https://www.googleapis.com/auth/sqlservice.login%20https://www.googleapis.com/auth/userinfo.email%20openid&authuser=0&prompt=consent HTTP/1.1" 200 937
2025-09-24 22:13:54,345 DEBUG    requests_oauthlib.oauth2_session Requesting url https://oauth2.googleapis.com/token using method POST.
2025-09-24 22:13:54,346 DEBUG    requests_oauthlib.oauth2_session Supplying headers {b'Accept': b'application/json', b'Content-Type': b'application/x-www-form-urlencoded;charset=UTF-8', b'user-agent': b'google-cloud-sdk gcloud/528.0.0 command/gcloud.auth.application-default.login invocation-id/9375052eed964160880f127b3f630326 environment/None environment-version/None client-os/MACOSX client-os-ver/24.3.0 client-pltf-arch/arm interactive/True from-script/False python/3.9.6 term/xterm-256color (Macintosh; Intel Mac OS X 24.3.0)'} and data {'grant_type': 'authorization_code', 'client_id': '764086051850-6qr4p6gpi6hn506pt8ejuq83di341hur.apps.googleusercontent.com', 'client_secret': 'd-FL95Q19q7MQmFpd7hHD0Ty', 'code': '4/0AVGzR1BCLCEuwaYcJJnOep8E2P2dAOWpi_9Cb_chwTridNZxQ03xy4pSyc4dPIOagiOY3A', 'redirect_uri': 'http://localhost:8085/', 'code_verifier': 'rXK0GBQNDIGr4VqpYsaHpTlp8~PvYYpc~kvzkbygqD5kzAzFwfo~Mm2_P~K-oUI5bf7Y2x7uIFdVEF3i3tfWKp46mKFByATLw-WOrAH-YAfvf-BBApM.iZeW5yX6b3iL'}
2025-09-24 22:13:54,346 DEBUG    requests_oauthlib.oauth2_session Passing through key word arguments {'json': None, 'timeout': None, 'auth': None, 'verify': None, 'proxies': None}.
2025-09-24 22:13:54,358 DEBUG    urllib3.connectionpool Starting new HTTPS connection (1): oauth2.googleapis.com:443
2025-09-24 22:13:54,544 DEBUG    urllib3.connectionpool https://oauth2.googleapis.com:443 "POST /token HTTP/11" 200 None
2025-09-24 22:13:54,545 DEBUG    requests_oauthlib.oauth2_session Prepared fetch token request body grant_type=authorization_code&client_id=764086051850-6qr4p6gpi6hn506pt8ejuq83di341hur.apps.googleusercontent.com&client_secret=d-FL95Q19q7MQmFpd7hHD0Ty&code=4%2F0AVGzR1BCLCEuwaYcJJnOep8E2P2dAOWpi_9Cb_chwTridNZxQ03xy4pSyc4dPIOagiOY3A&redirect_uri=http%3A%2F%2Flocalhost%3A8085%2F&code_verifier=rXK0GBQNDIGr4VqpYsaHpTlp8~PvYYpc~kvzkbygqD5kzAzFwfo~Mm2_P~K-oUI5bf7Y2x7uIFdVEF3i3tfWKp46mKFByATLw-WOrAH-YAfvf-BBApM.iZeW5yX6b3iL
2025-09-24 22:13:54,545 DEBUG    requests_oauthlib.oauth2_session Request to fetch token completed with status 200.
2025-09-24 22:13:54,546 DEBUG    requests_oauthlib.oauth2_session Request headers were {'user-agent': b'google-cloud-sdk gcloud/528.0.0 command/gcloud.auth.application-default.login invocation-id/9375052eed964160880f127b3f630326 environment/None environment-version/None client-os/MACOSX client-os-ver/24.3.0 client-pltf-arch/arm interactive/True from-script/False python/3.9.6 term/xterm-256color (Macintosh; Intel Mac OS X 24.3.0)', 'Accept-Encoding': 'gzip, deflate', 'Accept': b'application/json', 'Connection': 'keep-alive', 'Content-Type': b'application/x-www-form-urlencoded;charset=UTF-8', 'Content-Length': '421'}
2025-09-24 22:13:54,546 DEBUG    requests_oauthlib.oauth2_session Request body was grant_type=authorization_code&client_id=764086051850-6qr4p6gpi6hn506pt8ejuq83di341hur.apps.googleusercontent.com&client_secret=d-FL95Q19q7MQmFpd7hHD0Ty&code=4%2F0AVGzR1BCLCEuwaYcJJnOep8E2P2dAOWpi_9Cb_chwTridNZxQ03xy4pSyc4dPIOagiOY3A&redirect_uri=http%3A%2F%2Flocalhost%3A8085%2F&code_verifier=rXK0GBQNDIGr4VqpYsaHpTlp8~PvYYpc~kvzkbygqD5kzAzFwfo~Mm2_P~K-oUI5bf7Y2x7uIFdVEF3i3tfWKp46mKFByATLw-WOrAH-YAfvf-BBApM.iZeW5yX6b3iL
2025-09-24 22:13:54,547 DEBUG    requests_oauthlib.oauth2_session Response headers were {'Date': 'Thu, 25 Sep 2025 02:13:54 GMT', 'Expires': 'Mon, 01 Jan 1990 00:00:00 GMT', 'Pragma': 'no-cache', 'Cache-Control': 'no-cache, no-store, max-age=0, must-revalidate', 'Content-Type': 'application/json; charset=utf-8', 'Vary': 'Origin, X-Origin, Referer', 'Content-Encoding': 'gzip', 'Server': 'scaffolding on HTTPServer2', 'X-XSS-Protection': '0', 'X-Frame-Options': 'SAMEORIGIN', 'X-Content-Type-Options': 'nosniff', 'Alt-Svc': 'h3=":443"; ma=2592000,h3-29=":443"; ma=2592000', 'Transfer-Encoding': 'chunked'} and content {
  "access_token": "ya29.a0AQQ_BDQMS8E9ZUxN-t6zhG9Z19Cc8YBXykDLd5rjhMi8PK2gPhjRzHBwnVGU6HBqAXLn6_pNMMN_17N03VYzYjRjpwW2nN82dvq9DIzjmQnyLjbIV6zBs_3h6Byzw_xH-Tv2SWkGSTPSPwFojWahhjsgnUxdjvisZViWvj7xl2xZehGxnwSy_LpKMoQQ-tQbvQfcR0saCgYKAdISARUSFQHGX2Mi0xQnA9ObzelzlTU84m_SVA0206",
  "expires_in": 3599,
  "refresh_token": "1//05ZNe5pA98ajbCgYIARAAGAUSNwF-L9Irutn_40Ns36TPSYboDoLaEmteZQxDIvYRuVZpThQIGBIP8XV4HNTF87o_fhJqspgg_u8",
  "scope": "https://www.googleapis.com/auth/userinfo.email openid https://www.googleapis.com/auth/cloud-platform https://www.googleapis.com/auth/sqlservice.login",
  "token_type": "Bearer",
  "id_token": "eyJhbGciOiJSUzI1NiIsImtpZCI6IjkyN2I4ZmI2N2JiYWQ3NzQ0NWU1ZmVhNGM3MWFhOTg0NmQ3ZGRkMDEiLCJ0eXAiOiJKV1QifQ.eyJpc3MiOiJodHRwczovL2FjY291bnRzLmdvb2dsZS5jb20iLCJhenAiOiI3NjQwODYwNTE4NTAtNnFyNHA2Z3BpNmhuNTA2cHQ4ZWp1cTgzZGkzNDFodXIuYXBwcy5nb29nbGV1c2VyY29udGVudC5jb20iLCJhdWQiOiI3NjQwODYwNTE4NTAtNnFyNHA2Z3BpNmhuNTA2cHQ4ZWp1cTgzZGkzNDFodXIuYXBwcy5nb29nbGV1c2VyY29udGVudC5jb20iLCJzdWIiOiIxMTc2NjcwMzY4OTU1NDc2MzE3NjgiLCJlbWFpbCI6ImJob3N0ZC5kZXZlbG9wZXJAZ21haWwuY29tIiwiZW1haWxfdmVyaWZpZWQiOnRydWUsImF0X2hhc2giOiJ6dzVINTBLak5JQ3BVVTNRbEgtVzFBIiwiaWF0IjoxNzU4NzY2NDM0LCJleHAiOjE3NTg3NzAwMzR9.WaKA_H62J3Q3Cd27Q8-GWcdvAOa5eruR8T0IV8MmQ1_HrmrkHyv9RppShbkQa4V_YC3-vgwy7hHCXBn2SZLfSKydnkQz6LXecOYmr1OIU1zsMDBuLcj7_5d6xfN4If2JSY4e3OGQGSekcN3_mp0JhdpNAhVyY5_IH7tWMawq8lRtJCcxZlH-Qqm4WThu4kz3Nxyglq0U1Bz8_DuzqScDy4KQXYClUvjgLDvVWPbOmgDq3oeRvLqhGvZzjSooDDse0-R5YYnrsSUULZEpt4U2fw1cBgqkaC3i1YgM8AIe0trcu5J1nLG8EvdDxlCMyM_PlFhJOsmwWYcKVFBe5nw8FQ"
}.
2025-09-24 22:13:54,547 DEBUG    requests_oauthlib.oauth2_session Invoking 0 token response hooks.
2025-09-24 22:13:54,547 DEBUG    requests_oauthlib.oauth2_session Obtained token {'access_token': 'ya29.a0AQQ_BDQMS8E9ZUxN-t6zhG9Z19Cc8YBXykDLd5rjhMi8PK2gPhjRzHBwnVGU6HBqAXLn6_pNMMN_17N03VYzYjRjpwW2nN82dvq9DIzjmQnyLjbIV6zBs_3h6Byzw_xH-Tv2SWkGSTPSPwFojWahhjsgnUxdjvisZViWvj7xl2xZehGxnwSy_LpKMoQQ-tQbvQfcR0saCgYKAdISARUSFQHGX2Mi0xQnA9ObzelzlTU84m_SVA0206', 'expires_in': 3599, 'refresh_token': '1//05ZNe5pA98ajbCgYIARAAGAUSNwF-L9Irutn_40Ns36TPSYboDoLaEmteZQxDIvYRuVZpThQIGBIP8XV4HNTF87o_fhJqspgg_u8', 'scope': ['https://www.googleapis.com/auth/userinfo.email', 'openid', 'https://www.googleapis.com/auth/cloud-platform', 'https://www.googleapis.com/auth/sqlservice.login'], 'token_type': 'Bearer', 'id_token': 'eyJhbGciOiJSUzI1NiIsImtpZCI6IjkyN2I4ZmI2N2JiYWQ3NzQ0NWU1ZmVhNGM3MWFhOTg0NmQ3ZGRkMDEiLCJ0eXAiOiJKV1QifQ.eyJpc3MiOiJodHRwczovL2FjY291bnRzLmdvb2dsZS5jb20iLCJhenAiOiI3NjQwODYwNTE4NTAtNnFyNHA2Z3BpNmhuNTA2cHQ4ZWp1cTgzZGkzNDFodXIuYXBwcy5nb29nbGV1c2VyY29udGVudC5jb20iLCJhdWQiOiI3NjQwODYwNTE4NTAtNnFyNHA2Z3BpNmhuNTA2cHQ4ZWp1cTgzZGkzNDFodXIuYXBwcy5nb29nbGV1c2VyY29udGVudC5jb20iLCJzdWIiOiIxMTc2NjcwMzY4OTU1NDc2MzE3NjgiLCJlbWFpbCI6ImJob3N0ZC5kZXZlbG9wZXJAZ21haWwuY29tIiwiZW1haWxfdmVyaWZpZWQiOnRydWUsImF0X2hhc2giOiJ6dzVINTBLak5JQ3BVVTNRbEgtVzFBIiwiaWF0IjoxNzU4NzY2NDM0LCJleHAiOjE3NTg3NzAwMzR9.WaKA_H62J3Q3Cd27Q8-GWcdvAOa5eruR8T0IV8MmQ1_HrmrkHyv9RppShbkQa4V_YC3-vgwy7hHCXBn2SZLfSKydnkQz6LXecOYmr1OIU1zsMDBuLcj7_5d6xfN4If2JSY4e3OGQGSekcN3_mp0JhdpNAhVyY5_IH7tWMawq8lRtJCcxZlH-Qqm4WThu4kz3Nxyglq0U1Bz8_DuzqScDy4KQXYClUvjgLDvVWPbOmgDq3oeRvLqhGvZzjSooDDse0-R5YYnrsSUULZEpt4U2fw1cBgqkaC3i1YgM8AIe0trcu5J1nLG8EvdDxlCMyM_PlFhJOsmwWYcKVFBe5nw8FQ', 'expires_at': 1758770033.5476422}.
2025-09-24 22:13:54,560 INFO     ___FILE_ONLY___ 
Credentials saved to file: [/Users/samlightson/.config/gcloud/application_default_credentials.json]

2025-09-24 22:13:54,560 INFO     ___FILE_ONLY___ 
These credentials will be used by any library that requests Application Default Credentials (ADC).

2025-09-24 22:13:54,577 INFO     root            Using alternate credentials from file: [/Users/samlightson/.config/gcloud/application_default_credentials.json]
2025-09-24 22:13:54,587 DEBUG    google.auth.transport.requests Making request: POST https://oauth2.googleapis.com/token
2025-09-24 22:13:54,590 DEBUG    urllib3.connectionpool Starting new HTTPS connection (1): oauth2.googleapis.com:443
2025-09-24 22:13:54,768 DEBUG    urllib3.connectionpool https://oauth2.googleapis.com:443 "POST /token HTTP/11" 200 None
2025-09-24 22:13:54,778 INFO     root            Using alternate credentials from file: [/Users/samlightson/.config/gcloud/application_default_credentials.json]
2025-09-24 22:13:54,802 DEBUG    urllib3.connectionpool Starting new HTTPS connection (1): cloudresourcemanager.googleapis.com:443
2025-09-24 22:13:54,994 DEBUG    urllib3.connectionpool https://cloudresourcemanager.googleapis.com:443 "POST /v1/projects/bhostd:testIamPermissions?alt=json HTTP/11" 200 None
2025-09-24 22:13:55,002 INFO     ___FILE_ONLY___ 
Quota project "bhostd" was added to ADC which can be used by Google client libraries for billing and quota. Note that some services may still bill the project owning the resource.

2025-09-24 22:13:55,005 DEBUG    root            Chosen display Format:none
2025-09-24 22:13:55,006 INFO     root            Display format: "none"
2025-09-24 22:13:55,047 DEBUG    root            Metrics reporting process started...
