2025-09-24 22:16:01,391 DEBUG    root            Loaded Command Group: ['gcloud', 'auth']
2025-09-24 22:16:01,391 DEBUG    root            Loaded Command Group: ['gcloud', 'auth', 'list']
2025-09-24 22:16:01,392 DEBUG    root            Running [gcloud.auth.list] with arguments: [--filter-account: "bhostd.developer@gmail.com", --format: "table(account,status)"]
2025-09-24 22:16:01,394 DEBUG    root            Chosen display Format:    table[title='Credentialed Accounts'](
        status.yesno(yes='*', no=''):label=ACTIVE,
        account
    ) table(account,status)
2025-09-24 22:16:01,395 INFO     root            Display format: "    table[title='Credentialed Accounts'](
        status.yesno(yes='*', no=''):label=ACTIVE,
        account
    ) table(account,status)"
2025-09-24 22:16:01,402 INFO     ___FILE_ONLY___ ACCOUNT
2025-09-24 22:16:01,402 INFO     ___FILE_ONLY___                      
2025-09-24 22:16:01,402 INFO     ___FILE_ONLY___ ACTIVE
2025-09-24 22:16:01,402 INFO     ___FILE_ONLY___ 

2025-09-24 22:16:01,402 INFO     ___FILE_ONLY___ bhostd.developer@gmail.com
2025-09-24 22:16:01,402 INFO     ___FILE_ONLY___   
2025-09-24 22:16:01,402 INFO     ___FILE_ONLY___ *
2025-09-24 22:16:01,402 INFO     ___FILE_ONLY___ 

2025-09-24 22:16:01,407 DEBUG    root            Metrics reporting process started...
