2025-09-24 22:22:16,089 INFO     ___FILE_ONLY___ You do not currently have this command group installed.  Using it 
requires the installation of components: [alpha]

2025-09-24 22:22:16,118 DEBUG    urllib3.connectionpool Starting new HTTPS connection (1): dl.google.com:443
2025-09-24 22:22:16,422 DEBUG    urllib3.connectionpool https://dl.google.com:443 "GET /dl/cloudsdk/channels/rapid/components-v528.0.0.json HTTP/11" 200 239798
2025-09-24 22:22:16,532 INFO     ___FILE_ONLY___ 

2025-09-24 22:22:16,532 INFO     ___FILE_ONLY___ 
Your current Google Cloud CLI version is: 528.0.0

2025-09-24 22:22:16,532 INFO     ___FILE_ONLY___ Installing components from version: 528.0.0

2025-09-24 22:22:16,532 INFO     ___FILE_ONLY___ 

2025-09-24 22:22:16,533 DEBUG    root            Chosen display Format:table[box,title="These components will be removed."](details.display_name:label=Name:align=left,version.version_string:label=Version:align=right,data.size.size(zero="",min=1048576):label=Size:align=right)
2025-09-24 22:22:16,533 DEBUG    root            Chosen display Format:table[box,title="These components will be updated."](details.display_name:label=Name:align=left,version.version_string:label=Version:align=right,data.size.size(zero="",min=1048576):label=Size:align=right)
2025-09-24 22:22:16,533 DEBUG    root            Chosen display Format:table[box,title="These components will be installed."](details.display_name:label=Name:align=left,version.version_string:label=Version:align=right,data.size.size(zero="",min=1048576):label=Size:align=right)
2025-09-24 22:22:16,545 INFO     ___FILE_ONLY___ ┌──────────────────────────────────────────────┐
2025-09-24 22:22:16,545 INFO     ___FILE_ONLY___ 

2025-09-24 22:22:16,545 INFO     ___FILE_ONLY___ │     These components will be installed.      │
2025-09-24 22:22:16,545 INFO     ___FILE_ONLY___ 

2025-09-24 22:22:16,545 INFO     ___FILE_ONLY___ ├───────────────────────┬────────────┬─────────┤
2025-09-24 22:22:16,545 INFO     ___FILE_ONLY___ 

2025-09-24 22:22:16,546 INFO     ___FILE_ONLY___ │          Name         │  Version   │   Size  │
2025-09-24 22:22:16,546 INFO     ___FILE_ONLY___ 

2025-09-24 22:22:16,546 INFO     ___FILE_ONLY___ ├───────────────────────┼────────────┼─────────┤
2025-09-24 22:22:16,546 INFO     ___FILE_ONLY___ 

2025-09-24 22:22:16,546 INFO     ___FILE_ONLY___ │ 
2025-09-24 22:22:16,546 INFO     ___FILE_ONLY___ gcloud Alpha Commands
2025-09-24 22:22:16,546 INFO     ___FILE_ONLY___  
2025-09-24 22:22:16,546 INFO     ___FILE_ONLY___ │ 
2025-09-24 22:22:16,546 INFO     ___FILE_ONLY___ 2025.06.20
2025-09-24 22:22:16,546 INFO     ___FILE_ONLY___  
2025-09-24 22:22:16,546 INFO     ___FILE_ONLY___ │ 
2025-09-24 22:22:16,546 INFO     ___FILE_ONLY___ < 1 MiB
2025-09-24 22:22:16,546 INFO     ___FILE_ONLY___  
2025-09-24 22:22:16,546 INFO     ___FILE_ONLY___ │
2025-09-24 22:22:16,546 INFO     ___FILE_ONLY___ 

2025-09-24 22:22:16,546 INFO     ___FILE_ONLY___ └───────────────────────┴────────────┴─────────┘
2025-09-24 22:22:16,546 INFO     ___FILE_ONLY___ 

2025-09-24 22:22:16,546 INFO     ___FILE_ONLY___ 

2025-09-24 22:22:16,549 DEBUG    urllib3.connectionpool Starting new HTTPS connection (1): dl.google.com:443
2025-09-24 22:22:16,728 DEBUG    urllib3.connectionpool https://dl.google.com:443 "GET /dl/cloudsdk/channels/rapid/RELEASE_NOTES HTTP/11" 200 1487839
2025-09-24 22:22:17,282 INFO     ___FILE_ONLY___ For the latest full release notes, please visit:
  https://cloud.google.com/sdk/release_notes


