2025-09-24 22:21:36,012 DEBUG    root            Loaded Command Group: ['gcloud', 'services']
2025-09-24 22:21:36,015 DEBUG    root            Loaded Command Group: ['gcloud', 'services', 'list']
2025-09-24 22:21:36,016 DEBUG    root            Running [gcloud.services.list] with arguments: [--enabled: "True", --filter: "title~oauth OR name~oauth OR title~credential OR name~credential"]
2025-09-24 22:21:36,024 DEBUG    root            Chosen display Format:
          table(
            config.name:label=NAME:sort=1,
            config.title
          )
        
2025-09-24 22:21:36,025 INFO     root            Display format: "
          table(
            config.name:label=NAME:sort=1,
            config.title
          )
        "
2025-09-24 22:21:36,029 DEBUG    urllib3.connectionpool Starting new HTTPS connection (1): serviceusage.googleapis.com:443
2025-09-24 22:21:36,669 DEBUG    urllib3.connectionpool https://serviceusage.googleapis.com:443 "GET /v1/projects/bhostd/services?alt=json&filter=state%3AENABLED&pageSize=200 HTTP/11" 200 None
2025-09-24 22:21:36,738 WARNING  root            The following filter keys were not present in any resource : title
2025-09-24 22:21:36,738 INFO     ___FILE_ONLY___ NAME
2025-09-24 22:21:36,738 INFO     ___FILE_ONLY___                            
2025-09-24 22:21:36,738 INFO     ___FILE_ONLY___ TITLE
2025-09-24 22:21:36,738 INFO     ___FILE_ONLY___ 

2025-09-24 22:21:36,738 INFO     ___FILE_ONLY___ iamcredentials.googleapis.com
2025-09-24 22:21:36,738 INFO     ___FILE_ONLY___   
2025-09-24 22:21:36,738 INFO     ___FILE_ONLY___ IAM Service Account Credentials API
2025-09-24 22:21:36,738 INFO     ___FILE_ONLY___ 

2025-09-24 22:21:36,743 DEBUG    root            Metrics reporting process started...
